[2025-05-15 16:04:56] The operation was canceled.
   at System.Threading.CancellationToken.ThrowOperationCanceledException()
   at System.Threading.CancellationToken.ThrowIfCancellationRequested()
   at System.Net.Sockets.Socket.AwaitableSocketAsyncEventArgs.ThrowException(SocketError error, CancellationToken cancellationToken)
   at System.Net.Sockets.Socket.AwaitableSocketAsyncEventArgs.System.Threading.Tasks.Sources.IValueTaskSource<System.Net.Sockets.SocketReceiveFromResult>.GetResult(Int16 token)
   at System.Net.Sockets.UdpClient.<ReceiveAsync>g__WaitAndWrap|62_0(ValueTask`1 task)
   at PacketRedirector.Services.RedirectorService.RunUdpRedirectAsync(RedirectSettings settings, CancellationToken token) in E:\rider\Packet Redirector\Packet Redirector\Services\RediectorService.cs:line 58

[2025-05-15 16:06:43] The operation was canceled.
   at System.Threading.CancellationToken.ThrowOperationCanceledException()
   at System.Threading.CancellationToken.ThrowIfCancellationRequested()
   at System.Net.Sockets.Socket.AwaitableSocketAsyncEventArgs.ThrowException(SocketError error, CancellationToken cancellationToken)
   at System.Net.Sockets.Socket.AwaitableSocketAsyncEventArgs.System.Threading.Tasks.Sources.IValueTaskSource<System.Net.Sockets.SocketReceiveFromResult>.GetResult(Int16 token)
   at System.Net.Sockets.UdpClient.<ReceiveAsync>g__WaitAndWrap|62_0(ValueTask`1 task)
   at PacketRedirector.Services.RedirectorService.RunUdpRedirectAsync(RedirectSettings settings, CancellationToken token) in E:\rider\Packet Redirector\Packet Redirector\Services\RediectorService.cs:line 58

[2025-05-15 16:08:49] The operation was canceled.
   at System.Threading.CancellationToken.ThrowOperationCanceledException()
   at System.Threading.CancellationToken.ThrowIfCancellationRequested()
   at System.Net.Sockets.Socket.AwaitableSocketAsyncEventArgs.ThrowException(SocketError error, CancellationToken cancellationToken)
   at System.Net.Sockets.Socket.AwaitableSocketAsyncEventArgs.System.Threading.Tasks.Sources.IValueTaskSource<System.Net.Sockets.SocketReceiveFromResult>.GetResult(Int16 token)
   at System.Net.Sockets.UdpClient.<ReceiveAsync>g__WaitAndWrap|62_0(ValueTask`1 task)
   at PacketRedirector.Services.RedirectorService.RunUdpRedirectAsync(RedirectSettings settings, CancellationToken token) in E:\rider\Packet Redirector\Packet Redirector\Services\RediectorService.cs:line 58

[2025-05-15 16:08:58] The operation was canceled.
   at System.Threading.CancellationToken.ThrowOperationCanceledException()
   at System.Threading.CancellationToken.ThrowIfCancellationRequested()
   at System.Net.Sockets.Socket.AwaitableSocketAsyncEventArgs.ThrowException(SocketError error, CancellationToken cancellationToken)
   at System.Net.Sockets.Socket.AwaitableSocketAsyncEventArgs.System.Threading.Tasks.Sources.IValueTaskSource<System.Net.Sockets.SocketReceiveFromResult>.GetResult(Int16 token)
   at System.Net.Sockets.UdpClient.<ReceiveAsync>g__WaitAndWrap|62_0(ValueTask`1 task)
   at PacketRedirector.Services.RedirectorService.RunUdpRedirectAsync(RedirectSettings settings, CancellationToken token) in E:\rider\Packet Redirector\Packet Redirector\Services\RediectorService.cs:line 58

[2025-05-15 16:12:26] The operation was canceled.
   at System.Threading.CancellationToken.ThrowOperationCanceledException()
   at System.Threading.CancellationToken.ThrowIfCancellationRequested()
   at System.Net.Sockets.Socket.AwaitableSocketAsyncEventArgs.ThrowException(SocketError error, CancellationToken cancellationToken)
   at System.Net.Sockets.Socket.AwaitableSocketAsyncEventArgs.System.Threading.Tasks.Sources.IValueTaskSource<System.Net.Sockets.SocketReceiveFromResult>.GetResult(Int16 token)
   at System.Net.Sockets.UdpClient.<ReceiveAsync>g__WaitAndWrap|62_0(ValueTask`1 task)
   at PacketRedirector.Services.RedirectorService.RunUdpRedirectAsync(RedirectSettings settings, CancellationToken token) in E:\rider\Packet Redirector\Packet Redirector\Services\RediectorService.cs:line 58

[2025-05-15 16:13:50] The operation was canceled.
   at System.Threading.CancellationToken.ThrowOperationCanceledException()
   at System.Net.Sockets.Socket.AwaitableSocketAsyncEventArgs.System.Threading.Tasks.Sources.IValueTaskSource<System.Net.Sockets.SocketReceiveFromResult>.GetResult(Int16 token)
   at System.Net.Sockets.UdpClient.<ReceiveAsync>g__WaitAndWrap|62_0(ValueTask`1 task)
   at PacketRedirector.Services.RedirectorService.RunUdpRedirectAsync(RedirectSettings settings, CancellationToken token) in E:\rider\Packet Redirector\Packet Redirector\Services\RediectorService.cs:line 58

[2025-05-15 16:15:54] The operation was canceled.
   at System.Threading.CancellationToken.ThrowOperationCanceledException()
   at System.Threading.CancellationToken.ThrowIfCancellationRequested()
   at System.Net.Sockets.Socket.AwaitableSocketAsyncEventArgs.ThrowException(SocketError error, CancellationToken cancellationToken)
   at System.Net.Sockets.Socket.AwaitableSocketAsyncEventArgs.System.Threading.Tasks.Sources.IValueTaskSource<System.Net.Sockets.SocketReceiveFromResult>.GetResult(Int16 token)
   at System.Net.Sockets.UdpClient.<ReceiveAsync>g__WaitAndWrap|62_0(ValueTask`1 task)
   at PacketRedirector.Services.RedirectorService.RunUdpRedirectAsync(RedirectSettings settings, CancellationToken token) in E:\rider\Packet Redirector\Packet Redirector\Services\RediectorService.cs:line 58

[2025-05-15 16:18:41] The operation was canceled.
   at System.Threading.CancellationToken.ThrowOperationCanceledException()
   at System.Net.Sockets.Socket.AwaitableSocketAsyncEventArgs.System.Threading.Tasks.Sources.IValueTaskSource<System.Net.Sockets.SocketReceiveFromResult>.GetResult(Int16 token)
   at System.Net.Sockets.UdpClient.<ReceiveAsync>g__WaitAndWrap|62_0(ValueTask`1 task)
   at PacketRedirector.Services.RedirectorService.RunUdpRedirectAsync(RedirectSettings settings, CancellationToken token) in E:\rider\Packet Redirector\Packet Redirector\Services\RediectorService.cs:line 58

[2025-05-15 16:18:48] The operation was canceled.
   at System.Threading.CancellationToken.ThrowOperationCanceledException()
   at System.Net.Sockets.Socket.AwaitableSocketAsyncEventArgs.System.Threading.Tasks.Sources.IValueTaskSource<System.Net.Sockets.SocketReceiveFromResult>.GetResult(Int16 token)
   at System.Net.Sockets.UdpClient.<ReceiveAsync>g__WaitAndWrap|62_0(ValueTask`1 task)
   at PacketRedirector.Services.RedirectorService.RunUdpRedirectAsync(RedirectSettings settings, CancellationToken token) in E:\rider\Packet Redirector\Packet Redirector\Services\RediectorService.cs:line 58

[2025-05-15 16:25:59] The operation was canceled.
   at System.Threading.CancellationToken.ThrowOperationCanceledException()
   at System.Threading.CancellationToken.ThrowIfCancellationRequested()
   at System.Net.Sockets.Socket.AwaitableSocketAsyncEventArgs.ThrowException(SocketError error, CancellationToken cancellationToken)
   at System.Net.Sockets.Socket.AwaitableSocketAsyncEventArgs.System.Threading.Tasks.Sources.IValueTaskSource<System.Net.Sockets.SocketReceiveFromResult>.GetResult(Int16 token)
   at System.Net.Sockets.UdpClient.<ReceiveAsync>g__WaitAndWrap|62_0(ValueTask`1 task)
   at PacketRedirector.Services.RedirectorService.RunUdpRedirectAsync(RedirectSettings settings, CancellationToken token) in E:\rider\Packet Redirector\Packet Redirector\Services\RediectorService.cs:line 58

[2025-05-15 16:27:30] The operation was canceled.
   at System.Threading.CancellationToken.ThrowOperationCanceledException()
   at System.Net.Sockets.Socket.AwaitableSocketAsyncEventArgs.System.Threading.Tasks.Sources.IValueTaskSource<System.Net.Sockets.SocketReceiveFromResult>.GetResult(Int16 token)
   at System.Net.Sockets.UdpClient.<ReceiveAsync>g__WaitAndWrap|62_0(ValueTask`1 task)
   at PacketRedirector.Services.RedirectorService.RunUdpRedirectAsync(RedirectSettings settings, CancellationToken token) in E:\rider\Packet Redirector\Packet Redirector\Services\RediectorService.cs:line 59

[2025-05-15 16:27:55] The operation was canceled.
   at System.Threading.CancellationToken.ThrowOperationCanceledException()
   at System.Threading.CancellationToken.ThrowIfCancellationRequested()
   at System.Net.Sockets.Socket.AwaitableSocketAsyncEventArgs.ThrowException(SocketError error, CancellationToken cancellationToken)
   at System.Net.Sockets.Socket.AwaitableSocketAsyncEventArgs.System.Threading.Tasks.Sources.IValueTaskSource<System.Net.Sockets.SocketReceiveFromResult>.GetResult(Int16 token)
   at System.Net.Sockets.UdpClient.<ReceiveAsync>g__WaitAndWrap|62_0(ValueTask`1 task)
   at PacketRedirector.Services.RedirectorService.RunUdpRedirectAsync(RedirectSettings settings, CancellationToken token) in E:\rider\Packet Redirector\Packet Redirector\Services\RediectorService.cs:line 59

[2025-05-15 16:28:24] The operation was canceled.
   at System.Threading.CancellationToken.ThrowOperationCanceledException()
   at System.Threading.CancellationToken.ThrowIfCancellationRequested()
   at System.Net.Sockets.Socket.AwaitableSocketAsyncEventArgs.ThrowException(SocketError error, CancellationToken cancellationToken)
   at System.Net.Sockets.Socket.AwaitableSocketAsyncEventArgs.System.Threading.Tasks.Sources.IValueTaskSource<System.Net.Sockets.SocketReceiveFromResult>.GetResult(Int16 token)
   at System.Net.Sockets.UdpClient.<ReceiveAsync>g__WaitAndWrap|62_0(ValueTask`1 task)
   at PacketRedirector.Services.RedirectorService.RunUdpRedirectAsync(RedirectSettings settings, CancellationToken token) in E:\rider\Packet Redirector\Packet Redirector\Services\RediectorService.cs:line 59

[2025-05-15 16:31:52] The operation was canceled.
   at System.Threading.CancellationToken.ThrowOperationCanceledException()
   at System.Net.Sockets.Socket.AwaitableSocketAsyncEventArgs.System.Threading.Tasks.Sources.IValueTaskSource<System.Net.Sockets.SocketReceiveFromResult>.GetResult(Int16 token)
   at System.Net.Sockets.UdpClient.<ReceiveAsync>g__WaitAndWrap|62_0(ValueTask`1 task)
   at PacketRedirector.Services.RedirectorService.RunUdpRedirectAsync(RedirectSettings settings, CancellationToken token) in E:\rider\Packet Redirector\Packet Redirector\Services\RediectorService.cs:line 58

